12:17:07.928 [main] INFO  testCases.LoginTest - Login test started
12:17:09.252 [main] ERROR testCases.LoginTest - Test failed
12:23:31.767 [main] INFO  testCases.LoginTest - Login test started
12:23:33.021 [main] ERROR testCases.LoginTest - Test failed
12:52:00.145 [main] INFO  testCases.LoginTest - Login test started
12:52:01.405 [main] ERROR testCases.LoginTest - Test failed
12:56:26.808 [main] INFO  testCases.LoginTest - Login test started
13:05:41.610 [main] INFO  testCases.LoginTest - Login test started
15:04:10.789 [main] INFO  testCases.GoogleLoginTest - Login test started
15:04:20.903 [main] ERROR testCases.GoogleLoginTest - Test failed
15:07:58.686 [main] INFO  testCases.GoogleLoginTest - Login test started
15:08:08.791 [main] ERROR testCases.GoogleLoginTest - Test failed
15:12:46.715 [main] INFO  testCases.LoginTest - Login test started
15:16:05.084 [main] INFO  testCases.LoginTest - Login test started
15:16:28.487 [main] INFO  testCases.GoogleLoginTest - Login test started
15:16:38.581 [main] ERROR testCases.GoogleLoginTest - Test failed
15:19:56.144 [main] INFO  testCases.GoogleLoginTest - Login test started
15:20:06.271 [main] ERROR testCases.GoogleLoginTest - Test failed
15:23:28.355 [main] INFO  testCases.GoogleLoginTest - Login test started
15:23:38.469 [main] ERROR testCases.GoogleLoginTest - Test failed
15:32:02.378 [main] INFO  testCases.GoogleLoginTest - Login test started
15:32:02.469 [main] ERROR testCases.GoogleLoginTest - Test failed
15:32:15.939 [main] INFO  testCases.GoogleLoginTest - Login test started
15:32:16.044 [main] ERROR testCases.GoogleLoginTest - Test failed
15:41:20.325 [main] INFO  testCases.GoogleLoginTest - Login test started
15:41:20.373 [main] ERROR testCases.GoogleLoginTest - Test failed
15:41:29.477 [main] INFO  testCases.GoogleLoginTest - Login test started
15:41:29.523 [main] ERROR testCases.GoogleLoginTest - Test failed
15:41:57.484 [main] INFO  testCases.GoogleLoginTest - Login test started
15:41:57.533 [main] ERROR testCases.GoogleLoginTest - Test failed
15:44:59.325 [main] INFO  testCases.GoogleLoginTest - Login test started
15:44:59.383 [main] ERROR testCases.GoogleLoginTest - Test failed
15:50:31.908 [main] INFO  testCases.GoogleLoginTest - Login test started
15:50:41.982 [main] ERROR testCases.GoogleLoginTest - Test failed
15:52:26.720 [main] INFO  testCases.GoogleLoginTest - Login test started
15:52:36.797 [main] ERROR testCases.GoogleLoginTest - Test failed
15:53:31.040 [main] INFO  testCases.GoogleLoginTest - Login test started
15:53:44.091 [main] ERROR testCases.GoogleLoginTest - Test failed
16:07:16.184 [main] INFO  testCases.GoogleLoginTest - Login test started
16:07:29.249 [main] ERROR testCases.GoogleLoginTest - Test failed
16:08:59.894 [main] INFO  testCases.GoogleLoginTest - Login test started
16:09:06.052 [main] INFO  testCases.GoogleLoginTest - Clicked
16:09:16.123 [main] ERROR testCases.GoogleLoginTest - Test failed
16:21:00.845 [main] INFO  testCases.GoogleLoginTest - Login test started
16:21:06.991 [main] INFO  testCases.GoogleLoginTest - Clicked
16:21:17.066 [main] ERROR testCases.GoogleLoginTest - Test failed
16:57:41.467 [main] INFO  testCases.GoogleLoginTest - Login test started
16:57:44.660 [main] INFO  testCases.GoogleLoginTest - Clicked
16:57:48.040 [main] ERROR testCases.GoogleLoginTest - Test failed
16:58:33.377 [main] INFO  testCases.GoogleLoginTest - Login test started
16:58:36.531 [main] INFO  testCases.GoogleLoginTest - Clicked
16:58:42.710 [main] ERROR testCases.GoogleLoginTest - Test failed
17:07:06.656 [main] INFO  testCases.GoogleLoginTest - Login test started
17:07:09.845 [main] INFO  testCases.GoogleLoginTest - Clicked
17:07:15.802 [main] ERROR testCases.GoogleLoginTest - Test failed
17:08:25.228 [main] INFO  testCases.GoogleLoginTest - Login test started
17:08:28.415 [main] INFO  testCases.GoogleLoginTest - Clicked
17:08:34.622 [main] ERROR testCases.GoogleLoginTest - Test failed
17:10:49.793 [main] INFO  testCases.GoogleLoginTest - Login test started
17:10:52.946 [main] INFO  testCases.GoogleLoginTest - Clicked
17:10:56.073 [main] ERROR testCases.GoogleLoginTest - Test failed
17:43:33.145 [main] INFO  testCases.GoogleLoginTest - Login test started
17:43:36.320 [main] INFO  testCases.GoogleLoginTest - Clicked
17:43:39.294 [main] ERROR testCases.GoogleLoginTest - Test failed
17:46:28.920 [main] INFO  testCases.GoogleLoginTest - Login test started
17:46:32.080 [main] INFO  testCases.GoogleLoginTest - Clicked
17:46:38.496 [main] ERROR testCases.GoogleLoginTest - Test failed
17:50:23.799 [main] INFO  testCases.GoogleLoginTest - Login test started
17:50:26.982 [main] INFO  testCases.GoogleLoginTest - Clicked
17:50:33.036 [main] ERROR testCases.GoogleLoginTest - Test failed
17:51:09.441 [main] INFO  testCases.GoogleLoginTest - Login test started
17:51:12.613 [main] INFO  testCases.GoogleLoginTest - Clicked
17:51:15.425 [main] ERROR testCases.GoogleLoginTest - Test failed
17:52:33.277 [main] INFO  testCases.GoogleLoginTest - Login test started
17:52:36.423 [main] INFO  testCases.GoogleLoginTest - Clicked
17:52:48.589 [main] ERROR testCases.GoogleLoginTest - Test failed
17:53:05.666 [main] INFO  testCases.GoogleLoginTest - Login test started
17:53:08.815 [main] INFO  testCases.GoogleLoginTest - Clicked
17:53:30.940 [main] ERROR testCases.GoogleLoginTest - Test failed
17:54:23.263 [main] INFO  testCases.GoogleLoginTest - Login test started
17:54:26.417 [main] INFO  testCases.GoogleLoginTest - Clicked
17:54:38.265 [main] ERROR testCases.GoogleLoginTest - Test failed
17:54:54.625 [main] INFO  testCases.GoogleLoginTest - Login test started
17:54:57.783 [main] INFO  testCases.GoogleLoginTest - Clicked
17:55:09.759 [main] ERROR testCases.GoogleLoginTest - Test failed
17:55:22.946 [main] INFO  testCases.GoogleLoginTest - Login test started
17:55:26.105 [main] INFO  testCases.GoogleLoginTest - Clicked
18:03:12.113 [main] INFO  testCases.GoogleLoginTest - Login test started
18:03:15.288 [main] INFO  testCases.GoogleLoginTest - Clicked
18:03:27.573 [main] ERROR testCases.GoogleLoginTest - Test failed
18:05:30.878 [main] INFO  testCases.GoogleLoginTest - Login test started
18:05:34.017 [main] INFO  testCases.GoogleLoginTest - Clicked
18:05:46.156 [main] ERROR testCases.GoogleLoginTest - Test failed
18:06:11.287 [main] INFO  testCases.GoogleLoginTest - Login test started
18:06:14.550 [main] INFO  testCases.GoogleLoginTest - Clicked
18:06:31.487 [main] ERROR testCases.GoogleLoginTest - Test failed
18:54:11.687 [main] INFO  testCases.GoogleLoginTest - Login test started
18:54:14.948 [main] INFO  testCases.GoogleLoginTest - Clicked
18:54:25.012 [main] ERROR testCases.GoogleLoginTest - Test failed
18:58:06.834 [main] INFO  testCases.GoogleLoginTest - Login test started
18:58:10.122 [main] INFO  testCases.GoogleLoginTest - Clicked
18:58:22.452 [main] ERROR testCases.GoogleLoginTest - Test failed
19:03:25.834 [main] INFO  testCases.GoogleLoginTest - Login test started
19:03:29.158 [main] INFO  testCases.GoogleLoginTest - Clicked
19:03:41.650 [main] ERROR testCases.GoogleLoginTest - Test failed
19:14:33.123 [main] INFO  testCases.GoogleLoginTest - Login test started
19:14:36.390 [main] INFO  testCases.GoogleLoginTest - Clicked
19:14:48.770 [main] ERROR testCases.GoogleLoginTest - Test failed
19:20:47.382 [main] INFO  testCases.GoogleLoginTest - Login test started
19:20:50.666 [main] INFO  testCases.GoogleLoginTest - Clicked
19:20:57.424 [main] ERROR testCases.GoogleLoginTest - Test failed
19:23:30.167 [main] INFO  testCases.GoogleLoginTest - Login test started
19:23:33.413 [main] INFO  testCases.GoogleLoginTest - Clicked
19:23:46.001 [main] ERROR testCases.GoogleLoginTest - Test failed
19:24:15.273 [main] INFO  testCases.GoogleLoginTest - Login test started
19:24:18.557 [main] INFO  testCases.GoogleLoginTest - Clicked
19:24:25.806 [main] ERROR testCases.GoogleLoginTest - Test failed
19:50:01.718 [main] INFO  testCases.GoogleLoginTest - Login test started
19:50:05.005 [main] INFO  testCases.GoogleLoginTest - Clicked
19:50:14.238 [main] ERROR testCases.GoogleLoginTest - Test failed
20:14:20.571 [main] INFO  testCases.FacebookLoginTest - Login test started
20:14:23.817 [main] INFO  testCases.FacebookLoginTest - Clicked
20:14:35.686 [main] ERROR testCases.FacebookLoginTest - Test failed
20:18:10.594 [main] INFO  testCases.FacebookLoginTest - Login test started
20:18:13.870 [main] INFO  testCases.FacebookLoginTest - Clicked
20:18:25.846 [main] ERROR testCases.FacebookLoginTest - Test failed
20:20:58.970 [main] INFO  testCases.FacebookLoginTest - Login test started
20:21:02.254 [main] INFO  testCases.FacebookLoginTest - Clicked
20:33:27.607 [main] INFO  testCases.FacebookLoginTest - Login test started
20:33:30.861 [main] INFO  testCases.FacebookLoginTest - Clicked
20:33:47.194 [main] ERROR testCases.FacebookLoginTest - Test failed
12:18:42.042 [main] INFO  testCases.GoogleLoginTest - Login test started
12:18:45.196 [main] INFO  testCases.GoogleLoginTest - Clicked
12:18:51.194 [main] ERROR testCases.GoogleLoginTest - Test failed
12:28:29.093 [main] INFO  testCases.GoogleLoginTest - Login test started
12:28:32.261 [main] INFO  testCases.GoogleLoginTest - Clicked
12:28:44.343 [main] ERROR testCases.GoogleLoginTest - Test failed
12:29:41.958 [main] INFO  testCases.GoogleLoginTest - Login test started
12:29:45.110 [main] INFO  testCases.GoogleLoginTest - Clicked
12:29:57.251 [main] ERROR testCases.GoogleLoginTest - Test failed
12:31:40.894 [main] INFO  testCases.GoogleLoginTest - Login test started
12:31:43.979 [main] ERROR testCases.GoogleLoginTest - Test failed
12:32:12.282 [main] INFO  testCases.GoogleLoginTest - Login test started
12:32:15.338 [main] ERROR testCases.GoogleLoginTest - Test failed
12:39:50.198 [main] INFO  testCases.GoogleLoginTest - Login test started
12:39:53.355 [main] INFO  testCases.GoogleLoginTest - Clicked
12:40:05.473 [main] ERROR testCases.GoogleLoginTest - Test failed
